/**************************
* leak num: 3
************************/


------------------------
16:44:08:[D] /lib/libleak.so(_ZN7MEMUTIL19get_callerfunc_addrERSt6vectorISsSaISsEE+0x4c) [0x7efce040e9f0]
16:44:08:[D] /lib/libleak.so(+0x5dfe) [0x7efce040bdfe]
16:44:08:[D] /lib/libleak.so(+0x5d71) [0x7efce040bd71]
16:44:08:[D] /usr/lib/x86_64-linux-gnu/libstdc++.so.6(_Znwm+0x1d) [0x7efce0160dad]
16:44:08:[D] ./main() [0x400eab]
16:44:08:[D] ./main() [0x400f2a]
16:44:08:[D] /lib/x86_64-linux-gnu/libc.so.6(__libc_start_main+0xf5) [0x7efcdfb48f45]
16:44:08:[D] ./main() [0x400d99]
------------------------
16:44:08:[D] /lib/libleak.so(_ZN7MEMUTIL19get_callerfunc_addrERSt6vectorISsSaISsEE+0x4c) [0x7efce040e9f0]
16:44:08:[D] /lib/libleak.so(+0x5dfe) [0x7efce040bdfe]
16:44:08:[D] /lib/libleak.so(+0x5d71) [0x7efce040bd71]
16:44:08:[D] /usr/lib/x86_64-linux-gnu/libstdc++.so.6(_Znwm+0x1d) [0x7efce0160dad]
16:44:08:[D] ./main() [0x401a6c]
16:44:08:[D] ./main() [0x401875]
16:44:08:[D] ./main() [0x4013c7]
16:44:08:[D] ./main() [0x4011ac]
16:44:08:[D] ./main() [0x400f84]
16:44:08:[D] /lib/x86_64-linux-gnu/libc.so.6(__libc_start_main+0xf5) [0x7efcdfb48f45]
16:44:08:[D] ./main() [0x400d99]
------------------------
16:44:08:[D] /lib/libleak.so(_ZN7MEMUTIL19get_callerfunc_addrERSt6vectorISsSaISsEE+0x4c) [0x7efce040e9f0]
16:44:08:[D] /lib/libleak.so(+0x5dfe) [0x7efce040bdfe]
16:44:08:[D] /lib/libleak.so(+0x5d71) [0x7efce040bd71]
16:44:08:[D] /usr/lib/x86_64-linux-gnu/libstdc++.so.6(_Znwm+0x1d) [0x7efce0160dad]
16:44:08:[D] /usr/lib/x86_64-linux-gnu/libstdc++.so.6(_Znam+0x9) [0x7efce0160ea9]
16:44:08:[D] ./main() [0x400e8a]
16:44:08:[D] ./main() [0x400f2a]
16:44:08:[D] /lib/x86_64-linux-gnu/libc.so.6(__libc_start_main+0xf5) [0x7efcdfb48f45]
16:44:08:[D] ./main() [0x400d99]
------------------------
